2026-04-16 18:58:27 [INFO] ========================================
2026-04-16 18:58:27 [INFO] 启动，admin=1
2026-04-16 18:58:27 [INFO] 模板加载完成: Button=(61, 59), 战报=(65, 63)
2026-04-16 18:58:27 [INFO] 按键轮询已启动
2026-04-16 18:58:28 [INFO] [UI] 开始框选区域
2026-04-16 18:58:31 [INFO] [UI] 区域选定: (345,193)->(1520,855) 1175x662
2026-04-16 18:58:33 [INFO] [UI] 开始战斗, 区域=(345, 193, 1520, 855)
2026-04-16 18:58:33 [INFO] cap init ok
2026-04-16 18:58:33 [INFO] 已启动, 区域=(345, 193, 1520, 855), dxcam=True
2026-04-16 18:58:33 [INFO] 检测到 buttonPage: 星星按钮位置=(404,775) 置信度=0.84 scale=0.95
2026-04-16 18:58:33 [INFO] 点击星形按钮 (404,775) 置信度=0.84
2026-04-16 18:58:37 [INFO] 检测到 selectHero: 战报匹配置信度=0.80
2026-04-16 18:58:37 [INFO] 选精灵: 按键 1 + 空格
2026-04-16 18:58:39 [INFO] 检测到 buttonPage: 星星按钮位置=(405,774) 置信度=0.84 scale=1.06
2026-04-16 18:58:39 [INFO] 选精灵完成: 按键 1 后离开选英雄界面 (button_page)
2026-04-16 18:58:43 [INFO] 检测到 buttonPage: 星星按钮位置=(405,774) 置信度=0.84 scale=1.06
2026-04-16 18:58:43 [INFO] 点击星形按钮 (405,774) 置信度=0.84
2026-04-16 18:58:47 [INFO] 检测到 selectHero: 战报匹配置信度=0.80
2026-04-16 18:58:47 [INFO] 选精灵: 按键 1 + 空格
2026-04-16 18:58:50 [INFO] 检测到 selectHero: 战报匹配置信度=0.78
2026-04-16 18:58:50 [INFO] 选精灵: 按键 2 + 空格
2026-04-16 18:58:52 [INFO] 检测到 selectHero: 战报匹配置信度=0.78
2026-04-16 18:58:52 [INFO] 选精灵: 按键 3 + 空格
2026-04-16 18:58:55 [INFO] 检测到 selectHero: 战报匹配置信度=0.80
2026-04-16 18:58:55 [INFO] 选精灵: 按键 4 + 空格
2026-04-16 18:58:57 [INFO] 检测到 buttonPage: 星星按钮位置=(404,775) 置信度=0.84 scale=0.95
2026-04-16 18:58:57 [INFO] 选精灵完成: 按键 4 后离开选英雄界面 (button_page)
2026-04-16 18:59:05 [INFO] [UI] 退出程序
2026-04-16 18:59:05 [INFO] stopped
2026-04-16 19:05:56 [INFO] ========================================
2026-04-16 19:05:56 [INFO] 启动，admin=1
2026-04-16 19:05:56 [INFO] 模板加载完成: Button=(61, 59), 战报=(65, 63)
2026-04-16 19:05:56 [INFO] 按键轮询已启动
2026-04-16 19:05:57 [INFO] [UI] 开始框选区域
2026-04-16 19:05:59 [INFO] [UI] 退出程序
2026-04-16 19:06:04 [INFO] ========================================
2026-04-16 19:06:04 [INFO] 启动，admin=1
2026-04-16 19:06:04 [INFO] 模板加载完成: Button=(61, 59), 战报=(65, 63)
2026-04-16 19:06:04 [INFO] 按键轮询已启动
2026-04-16 19:06:04 [INFO] [UI] 开始框选区域
2026-04-16 19:06:07 [INFO] [UI] 区域选定: (343,191)->(1520,858) 1177x667
2026-04-16 19:06:09 [INFO] [UI] 开始战斗, 区域=(343, 191, 1520, 858)
2026-04-16 19:06:09 [INFO] target hwnd=197512
2026-04-16 19:06:09 [INFO] cap init ok
2026-04-16 19:06:09 [INFO] 已启动, 区域=(343, 191, 1520, 858), dxcam=True, hwnd=197512
2026-04-16 19:06:09 [INFO] 检测到 buttonPage: 星星按钮位置=(404,774) 置信度=0.86 scale=0.95
2026-04-16 19:06:09 [INFO] btn (404,774) c=0.86
2026-04-16 19:06:13 [INFO] 检测到 selectHero: 战报匹配置信度=0.80
2026-04-16 19:06:13 [INFO] 选精灵: 按键 1 + 空格
2026-04-16 19:06:16 [INFO] 检测到 buttonPage: 星星按钮位置=(404,774) 置信度=0.86 scale=0.95
2026-04-16 19:06:16 [INFO] 选精灵完成: 按键 1 后离开选英雄界面 (button_page)
2026-04-16 19:06:20 [INFO] 检测到 buttonPage: 星星按钮位置=(404,774) 置信度=0.85 scale=0.95
2026-04-16 19:06:20 [INFO] btn (404,774) c=0.85
2026-04-16 19:06:25 [INFO] 检测到 selectHero: 战报匹配置信度=0.77
2026-04-16 19:06:25 [INFO] 选精灵: 按键 1 + 空格
2026-04-16 19:06:27 [INFO] 检测到 selectHero: 战报匹配置信度=0.80
2026-04-16 19:06:27 [INFO] 选精灵: 按键 2 + 空格
2026-04-16 19:06:30 [INFO] 检测到 selectHero: 战报匹配置信度=0.80
2026-04-16 19:06:30 [INFO] 选精灵: 按键 3 + 空格
2026-04-16 19:06:33 [INFO] 检测到 buttonPage: 星星按钮位置=(404,775) 置信度=0.84 scale=0.95
2026-04-16 19:06:33 [INFO] 选精灵完成: 按键 3 后离开选英雄界面 (button_page)
2026-04-16 19:06:35 [INFO] 检测到 buttonPage: 星星按钮位置=(404,775) 置信度=0.84 scale=0.95
2026-04-16 19:06:35 [INFO] btn (404,775) c=0.84
2026-04-16 19:06:40 [INFO] 检测到 selectHero: 战报匹配置信度=0.81
2026-04-16 19:06:40 [INFO] 选精灵: 按键 1 + 空格
2026-04-16 19:06:42 [INFO] 检测到 buttonPage: 星星按钮位置=(404,775) 置信度=0.83 scale=0.95
2026-04-16 19:06:42 [INFO] 选精灵完成: 按键 1 后离开选英雄界面 (button_page)
2026-04-16 19:06:47 [INFO] 检测到 buttonPage: 星星按钮位置=(404,775) 置信度=0.83 scale=0.95
2026-04-16 19:06:47 [INFO] btn (404,775) c=0.83
2026-04-16 19:06:51 [INFO] 检测到 selectHero: 战报匹配置信度=0.80
2026-04-16 19:06:51 [INFO] 选精灵: 按键 1 + 空格
2026-04-16 19:06:54 [INFO] 检测到 buttonPage: 星星按钮位置=(404,775) 置信度=0.83 scale=0.95
2026-04-16 19:06:54 [INFO] 选精灵完成: 按键 1 后离开选英雄界面 (button_page)
2026-04-16 19:06:59 [INFO] 检测到 buttonPage: 星星按钮位置=(404,775) 置信度=0.84 scale=0.95
2026-04-16 19:06:59 [INFO] btn (404,775) c=0.84
2026-04-16 19:07:02 [INFO] 检测到 selectHero: 战报匹配置信度=0.80
2026-04-16 19:07:02 [INFO] 选精灵: 按键 1 + 空格
2026-04-16 19:07:05 [INFO] 检测到 selectHero: 战报匹配置信度=0.80
2026-04-16 19:07:05 [INFO] 选精灵: 按键 2 + 空格
2026-04-16 19:07:08 [INFO] 检测到 buttonPage: 星星按钮位置=(404,775) 置信度=0.84 scale=0.95
2026-04-16 19:07:08 [INFO] 选精灵完成: 按键 2 后离开选英雄界面 (button_page)
2026-04-16 19:07:09 [INFO] 检测到 buttonPage: 星星按钮位置=(404,775) 置信度=0.84 scale=0.95
2026-04-16 19:07:09 [INFO] btn (404,775) c=0.84
2026-04-16 19:07:16 [INFO] 检测到 selectHero: 战报匹配置信度=0.80
2026-04-16 19:07:16 [INFO] 选精灵: 按键 1 + 空格
2026-04-16 19:07:18 [INFO] 检测到 selectHero: 战报匹配置信度=0.80
2026-04-16 19:07:18 [INFO] 选精灵: 按键 2 + 空格
2026-04-16 19:07:21 [INFO] 检测到 selectHero: 战报匹配置信度=0.80
2026-04-16 19:07:21 [INFO] 选精灵: 按键 3 + 空格
2026-04-16 19:07:24 [INFO] 检测到 selectHero: 战报匹配置信度=0.80
2026-04-16 19:07:24 [INFO] 选精灵: 按键 4 + 空格
2026-04-16 19:07:26 [INFO] 检测到 selectHero: 战报匹配置信度=0.80
2026-04-16 19:07:26 [INFO] 选精灵: 按键 5 + 空格
2026-04-16 19:07:28 [INFO] 检测到 buttonPage: 星星按钮位置=(404,775) 置信度=0.85 scale=0.95
2026-04-16 19:07:28 [INFO] 选精灵完成: 按键 5 后离开选英雄界面 (button_page)
2026-04-16 19:07:31 [INFO] 检测到 buttonPage: 星星按钮位置=(404,775) 置信度=0.84 scale=0.95
2026-04-16 19:07:31 [INFO] btn (404,775) c=0.84
2026-04-16 19:07:36 [INFO] 检测到 selectHero: 战报匹配置信度=0.80
2026-04-16 19:07:36 [INFO] 选精灵: 按键 1 + 空格
2026-04-16 19:07:38 [INFO] 检测到 buttonPage: 星星按钮位置=(404,775) 置信度=0.85 scale=0.95
2026-04-16 19:07:38 [INFO] 选精灵完成: 按键 1 后离开选英雄界面 (button_page)
2026-04-16 19:07:42 [INFO] 检测到 buttonPage: 星星按钮位置=(404,775) 置信度=0.85 scale=0.95
2026-04-16 19:07:42 [INFO] btn (404,775) c=0.85
2026-04-16 19:07:45 [INFO] 检测到 selectHero: 战报匹配置信度=0.81
2026-04-16 19:07:45 [INFO] 选精灵: 按键 1 + 空格
2026-04-16 19:07:48 [INFO] 选精灵完成: 按键 1 后离开选英雄界面 (normal)
2026-04-16 19:08:28 [INFO] [UI] 退出程序
2026-04-16 19:08:28 [INFO] stopped
2026-04-16 19:33:58 [INFO] ========================================
2026-04-16 19:33:58 [INFO] 启动，admin=1
2026-04-16 19:33:58 [INFO] 模板加载完成: Button=(61, 59), 战报=(65, 63)
2026-04-16 19:33:58 [INFO] 按键轮询已启动
2026-04-16 19:34:31 [INFO] [UI] 退出程序
2026-04-16 21:55:48 [INFO] ========================================
2026-04-16 21:55:48 [INFO] 启动，admin=1
2026-04-16 21:55:48 [INFO] tpl loaded: btn=(61, 59) battle=(65, 63) run=(71, 53)
2026-04-16 21:55:48 [INFO] 按键轮询已启动
2026-04-16 21:55:49 [INFO] [UI] 开始框选区域
2026-04-16 21:55:52 [INFO] [UI] 区域选定: (554,230)->(1731,900) 1177x670
2026-04-16 21:55:53 [INFO] [UI] 开始战斗, 区域=(554, 230, 1731, 900)
2026-04-16 21:55:53 [INFO] target hwnd=788990 key_hwnd=788990
2026-04-16 21:55:53 [INFO] cap init ok
2026-04-16 21:55:53 [INFO] 已启动, 区域=(554, 230, 1731, 900), dxcam=True, hwnd=788990
2026-04-16 21:55:55 [INFO] select_hero: battle=0.55 run=0.79
2026-04-16 21:55:55 [INFO] 选精灵: 按键 1 + 空格
2026-04-16 21:55:58 [INFO] 选精灵完成: 按键 1 后离开选英雄界面 (normal)
2026-04-16 21:56:00 [INFO] btn (614,818) c=0.89 s=0.95
2026-04-16 21:56:00 [INFO] btn (614,818) c=0.89
2026-04-16 21:56:09 [INFO] btn (614,818) c=0.89 s=0.95
2026-04-16 21:56:09 [INFO] btn (614,818) c=0.89
2026-04-16 21:56:12 [INFO] [UI] 停止战斗
2026-04-16 21:56:12 [INFO] stopped
2026-04-16 21:57:32 [INFO] [UI] 退出程序
2026-04-16 22:34:48 [INFO] ========================================
2026-04-16 22:34:48 [INFO] 启动，admin=1
2026-04-16 22:34:48 [INFO] tpl loaded: btn=(61, 59) battle=(65, 63) run=(71, 53)
2026-04-16 22:34:48 [INFO] 按键轮询已启动
2026-04-16 22:34:49 [INFO] [UI] 开始框选区域
2026-04-16 22:34:52 [INFO] [UI] 区域选定: (556,214)->(1732,899) 1176x685
2026-04-16 22:34:53 [INFO] [UI] 开始战斗, 区域=(556, 214, 1732, 899)
2026-04-16 22:34:53 [INFO] target hwnd=66876 key_hwnd=66882
2026-04-16 22:34:53 [INFO] cap init ok
2026-04-16 22:34:53 [INFO] 已启动, 区域=(556, 214, 1732, 899), dxcam=True, hwnd=66876
2026-04-16 22:35:10 [INFO] [UI] 开始框选区域
2026-04-16 22:35:10 [INFO] stopped
2026-04-16 22:35:13 [INFO] [UI] 区域选定: (710,164)->(1887,824) 1177x660
2026-04-16 22:35:14 [INFO] [UI] 开始战斗, 区域=(710, 164, 1887, 824)
2026-04-16 22:35:14 [INFO] target hwnd=788990 key_hwnd=788990
2026-04-16 22:35:14 [INFO] 已启动, 区域=(710, 164, 1887, 824), dxcam=True, hwnd=788990
2026-04-16 22:35:28 [INFO] btn (771,743) c=0.88 s=0.95
2026-04-16 22:35:28 [INFO] btn (771,743) c=0.88
2026-04-16 22:36:09 [INFO] btn (771,743) c=0.88 s=0.95
2026-04-16 22:36:09 [INFO] btn (771,743) c=0.88
2026-04-16 22:36:19 [INFO] btn (771,743) c=0.87 s=0.95
2026-04-16 22:36:19 [INFO] btn (771,743) c=0.87
2026-04-16 22:36:25 [INFO] afk 43.2s
2026-04-16 22:36:36 [INFO] 切换暂停状态: 暂停
2026-04-16 22:36:36 [INFO] [UI] 已暂停
2026-04-16 22:38:47 [INFO] [UI] 停止战斗
2026-04-16 22:38:47 [INFO] stopped
2026-04-16 22:38:48 [INFO] [UI] 退出程序
2026-04-16 22:45:48 [INFO] ========================================
2026-04-16 22:45:48 [INFO] 启动，admin=1
2026-04-16 22:45:48 [INFO] tpl loaded: btn=(61, 59) battle=(65, 63) run=(71, 53)
2026-04-16 22:45:48 [INFO] 按键轮询已启动
2026-04-16 22:45:53 [INFO] [UI] 开始框选区域
2026-04-16 22:45:56 [INFO] [UI] 区域选定: (712,131)->(1888,823) 1176x692
2026-04-16 22:45:57 [INFO] [UI] 开始战斗, 区域=(712, 131, 1888, 823)
2026-04-16 22:45:57 [INFO] target hwnd=788990 key_hwnd=788990
2026-04-16 22:45:57 [INFO] cap init ok
2026-04-16 22:45:57 [INFO] 已启动, 区域=(712, 131, 1888, 823), dxcam=True, hwnd=788990
2026-04-16 22:46:19 [INFO] [UI] 停止战斗
2026-04-16 22:46:19 [INFO] stopped
2026-04-16 22:46:24 [INFO] [UI] 开始框选区域
2026-04-16 22:46:28 [INFO] [UI] 区域选定: (747,34)->(1919,697) 1172x663
2026-04-16 22:46:33 [INFO] [UI] 开始战斗, 区域=(747, 34, 1919, 697)
2026-04-16 22:46:33 [INFO] target hwnd=788990 key_hwnd=788990
2026-04-16 22:46:33 [INFO] 已启动, 区域=(747, 34, 1919, 697), dxcam=True, hwnd=788990
2026-04-16 22:47:18 [INFO] afk 23.4s
2026-04-16 22:49:27 [INFO] afk 22.2s
2026-04-16 22:50:34 [INFO] btn (806,618) c=0.87 s=0.95
2026-04-16 22:50:34 [INFO] btn (806,618) c=0.87
2026-04-16 22:50:43 [INFO] btn (806,618) c=0.87 s=0.95
2026-04-16 22:50:43 [INFO] btn (806,618) c=0.87
2026-04-16 22:51:03 [INFO] btn (805,615) c=0.85 s=0.95
2026-04-16 22:51:03 [INFO] btn (805,615) c=0.85
